# JRE version: OpenJDK Runtime Environment (8.0_202-b03) (build 1.8.0_202-release-1483-b03)
# Java VM: OpenJDK 64-Bit Server VM (25.202-b03 mixed mode windows-amd64 compressed oops)
Heap:
 PSYoungGen      total 396288K, used 79338K [0x00000000e0000000, 0x00000000ffb80000, 0x0000000100000000)
  eden space 273920K, 6% used [0x00000000e0000000,0x00000000e1236320,0x00000000f0b80000)
  from space 122368K, 49% used [0x00000000f8200000,0x00000000fbd44530,0x00000000ff980000)
  to   space 121344K, 0% used [0x00000000f0b80000,0x00000000f0b80000,0x00000000f8200000)
 ParOldGen       total 226304K, used 168802K [0x00000000a0000000, 0x00000000add00000, 0x00000000e0000000)
  object space 226304K, 74% used [0x00000000a0000000,0x00000000aa4d8970,0x00000000add00000)
 Metaspace       used 138221K, capacity 146650K, committed 148072K, reserved 1177600K
  class space    used 17549K, capacity 19017K, committed 19456K, reserved 1048576K
GC Heap History (10 events):
Event: 11881.877 GC heap before
{Heap before GC invocations=97 (full 6):
 PSYoungGen      total 387584K, used 340079K [0x00000000e0000000, 0x0000000100000000, 0x0000000100000000)
  eden space 262144K, 100% used [0x00000000e0000000,0x00000000f0000000,0x00000000f0000000)
  from space 125440K, 62% used [0x00000000f8500000,0x00000000fd11bf98,0x00000000fff80000)
  to   space 131072K, 0% used [0x00000000f0000000,0x00000000f0000000,0x00000000f8000000)
 ParOldGen       total 226304K, used 137078K [0x00000000a0000000, 0x00000000add00000, 0x00000000e0000000)
  object space 226304K, 60% used [0x00000000a0000000,0x00000000a85dd8c0,0x00000000add00000)
 Metaspace       used 138084K, capacity 146514K, committed 148072K, reserved 1177600K
  class space    used 17549K, capacity 19017K, committed 19456K, reserved 1048576K
Event: 11881.985 GC heap after
Heap after GC invocations=97 (full 6):
 PSYoungGen      total 393216K, used 11169K [0x00000000e0000000, 0x00000000fff80000, 0x0000000100000000)
  eden space 262144K, 0% used [0x00000000e0000000,0x00000000e0000000,0x00000000f0000000)
  from space 131072K, 8% used [0x00000000f0000000,0x00000000f0ae84d0,0x00000000f8000000)
  to   space 128000K, 0% used [0x00000000f8280000,0x00000000f8280000,0x00000000fff80000)
 ParOldGen       total 226304K, used 138802K [0x00000000a0000000, 0x00000000add00000, 0x00000000e0000000)
  object space 226304K, 61% used [0x00000000a0000000,0x00000000a878c938,0x00000000add00000)
 Metaspace       used 138084K, capacity 146514K, committed 148072K, reserved 1177600K
  class space    used 17549K, capacity 19017K, committed 19456K, reserved 1048576K
}
Event: 11884.376 GC heap before
{Heap before GC invocations=98 (full 6):
 PSYoungGen      total 393216K, used 273127K [0x00000000e0000000, 0x00000000fff80000, 0x0000000100000000)
  eden space 262144K, 99% used [0x00000000e0000000,0x00000000effd1878,0x00000000f0000000)
  from space 131072K, 8% used [0x00000000f0000000,0x00000000f0ae84d0,0x00000000f8000000)
  to   space 128000K, 0% used [0x00000000f8280000,0x00000000f8280000,0x00000000fff80000)
 ParOldGen       total 226304K, used 138802K [0x00000000a0000000, 0x00000000add00000, 0x00000000e0000000)
  object space 226304K, 61% used [0x00000000a0000000,0x00000000a878c938,0x00000000add00000)
 Metaspace       used 138099K, capacity 146514K, committed 148072K, reserved 1177600K
  class space    used 17549K, capacity 19017K, committed 19456K, reserved 1048576K
Event: 11884.960 GC heap after
Heap after GC invocations=98 (full 6):
 PSYoungGen      total 391168K, used 71797K [0x00000000e0000000, 0x0000000100000000, 0x0000000100000000)
  eden space 263168K, 0% used [0x00000000e0000000,0x00000000e0000000,0x00000000f0100000)
  from space 128000K, 56% used [0x00000000f8280000,0x00000000fc89d728,0x00000000fff80000)
  to   space 130560K, 0% used [0x00000000f0100000,0x00000000f0100000,0x00000000f8080000)
 ParOldGen       total 226304K, used 145254K [0x00000000a0000000, 0x00000000add00000, 0x00000000e0000000)
  object space 226304K, 64% used [0x00000000a0000000,0x00000000a8dd9b38,0x00000000add00000)
 Metaspace       used 138099K, capacity 146514K, committed 148072K, reserved 1177600K
  class space    used 17549K, capacity 19017K, committed 19456K, reserved 1048576K
}
Event: 11927.323 GC heap before
{Heap before GC invocations=99 (full 6):
 PSYoungGen      total 391168K, used 334965K [0x00000000e0000000, 0x0000000100000000, 0x0000000100000000)
  eden space 263168K, 100% used [0x00000000e0000000,0x00000000f0100000,0x00000000f0100000)
  from space 128000K, 56% used [0x00000000f8280000,0x00000000fc89d728,0x00000000fff80000)
  to   space 130560K, 0% used [0x00000000f0100000,0x00000000f0100000,0x00000000f8080000)
 ParOldGen       total 226304K, used 145254K [0x00000000a0000000, 0x00000000add00000, 0x00000000e0000000)
  object space 226304K, 64% used [0x00000000a0000000,0x00000000a8dd9b38,0x00000000add00000)
 Metaspace       used 138130K, capacity 146514K, committed 148072K, reserved 1177600K
  class space    used 17549K, capacity 19017K, committed 19456K, reserved 1048576K
Event: 11927.502 GC heap after
Heap after GC invocations=99 (full 6):
 PSYoungGen      total 281600K, used 18290K [0x00000000e0000000, 0x00000000ffa80000, 0x0000000100000000)
  eden space 263168K, 0% used [0x00000000e0000000,0x00000000e0000000,0x00000000f0100000)
  from space 18432K, 99% used [0x00000000f0100000,0x00000000f12dc928,0x00000000f1300000)
  to   space 126464K, 0% used [0x00000000f7f00000,0x00000000f7f00000,0x00000000ffa80000)
 ParOldGen       total 226304K, used 147150K [0x00000000a0000000, 0x00000000add00000, 0x00000000e0000000)
  object space 226304K, 65% used [0x00000000a0000000,0x00000000a8fb3bc0,0x00000000add00000)
 Metaspace       used 138130K, capacity 146514K, committed 148072K, reserved 1177600K
  class space    used 17549K, capacity 19017K, committed 19456K, reserved 1048576K
}
Event: 11930.194 GC heap before
{Heap before GC invocations=100 (full 6):
 PSYoungGen      total 281600K, used 281458K [0x00000000e0000000, 0x00000000ffa80000, 0x0000000100000000)
  eden space 263168K, 100% used [0x00000000e0000000,0x00000000f0100000,0x00000000f0100000)
  from space 18432K, 99% used [0x00000000f0100000,0x00000000f12dc928,0x00000000f1300000)
  to   space 126464K, 0% used [0x00000000f7f00000,0x00000000f7f00000,0x00000000ffa80000)
 ParOldGen       total 226304K, used 147150K [0x00000000a0000000, 0x00000000add00000, 0x00000000e0000000)
  object space 226304K, 65% used [0x00000000a0000000,0x00000000a8fb3bc0,0x00000000add00000)
 Metaspace       used 138160K, capacity 146586K, committed 148072K, reserved 1177600K
  class space    used 17549K, capacity 19017K, committed 19456K, reserved 1048576K
Event: 11931.465 GC heap after
Heap after GC invocations=100 (full 6):
 PSYoungGen      total 393728K, used 60398K [0x00000000e0000000, 0x0000000100000000, 0x0000000100000000)
  eden space 267264K, 0% used [0x00000000e0000000,0x00000000e0000000,0x00000000f0500000)
  from space 126464K, 47% used [0x00000000f7f00000,0x00000000fb9fb9a8,0x00000000ffa80000)
  to   space 124928K, 0% used [0x00000000f0500000,0x00000000f0500000,0x00000000f7f00000)
 ParOldGen       total 226304K, used 157017K [0x00000000a0000000, 0x00000000add00000, 0x00000000e0000000)
  object space 226304K, 69% used [0x00000000a0000000,0x00000000a99565c0,0x00000000add00000)
 Metaspace       used 138160K, capacity 146586K, committed 148072K, reserved 1177600K
  class space    used 17549K, capacity 19017K, committed 19456K, reserved 1048576K
}
Event: 12021.524 GC heap before
{Heap before GC invocations=101 (full 6):
 PSYoungGen      total 393728K, used 327662K [0x00000000e0000000, 0x0000000100000000, 0x0000000100000000)
  eden space 267264K, 100% used [0x00000000e0000000,0x00000000f0500000,0x00000000f0500000)
  from space 126464K, 47% used [0x00000000f7f00000,0x00000000fb9fb9a8,0x00000000ffa80000)
  to   space 124928K, 0% used [0x00000000f0500000,0x00000000f0500000,0x00000000f7f00000)
 ParOldGen       total 226304K, used 157017K [0x00000000a0000000, 0x00000000add00000, 0x00000000e0000000)
  object space 226304K, 69% used [0x00000000a0000000,0x00000000a99565c0,0x00000000add00000)
 Metaspace       used 138205K, capacity 146650K, committed 148072K, reserved 1177600K
  class space    used 17549K, capacity 19017K, committed 19456K, reserved 1048576K
Event: 12021.639 GC heap after
Heap after GC invocations=101 (full 6):
 PSYoungGen      total 392192K, used 12503K [0x00000000e0000000, 0x00000000ff980000, 0x0000000100000000)
  eden space 267264K, 0% used [0x00000000e0000000,0x00000000e0000000,0x00000000f0500000)
  from space 124928K, 10% used [0x00000000f0500000,0x00000000f1135c38,0x00000000f7f00000)
  to   space 122368K, 0% used [0x00000000f8200000,0x00000000f8200000,0x00000000ff980000)
 ParOldGen       total 226304K, used 159035K [0x00000000a0000000, 0x00000000add00000, 0x00000000e0000000)
  object space 226304K, 70% used [0x00000000a0000000,0x00000000a9b4ed48,0x00000000add00000)
 Metaspace       used 138205K, capacity 146650K, committed 148072K, reserved 1177600K
  class space    used 17549K, capacity 19017K, committed 19456K, reserved 1048576K
}

